This is pdfTeX, Version 3.14159265-2.6-1.40.21 (TeX Live 2020/W32TeX) (preloaded format=pdflatex 2022.9.3)  12 NOV 2022 20:50
entering extended mode
 restricted \write18 enabled.
 file:line:error style messages enabled.
 %&-line parsing enabled.
**d:/000研究生/kaggle/Flip00-kaggle/Report/templatex/report
(d:/000研究生/kaggle/Flip00-kaggle/Report/templatex/report.tex
LaTeX2e <2020-02-02> patch level 5
L3 programming layer <2020-03-06> (d:/ruanjiananzhuang/Textlive/texlive/2020/texmf-dist/tex/latex/amscls/amsart.cls
Document Class: amsart 2017/10/31 v2.20.4
\linespacing=\dimen134
\normalparindent=\dimen135
\normaltopskip=\skip47
(d:/ruanjiananzhuang/Textlive/texlive/2020/texmf-dist/tex/latex/amsmath/amsmath.sty
Package: amsmath 2020/01/20 v2.17e AMS math features
\@mathmargin=\skip48

For additional information on amsmath, use the `?' option.
(d:/ruanjiananzhuang/Textlive/texlive/2020/texmf-dist/tex/latex/amsmath/amstext.sty
Package: amstext 2000/06/29 v2.01 AMS text
 (d:/ruanjiananzhuang/Textlive/texlive/2020/texmf-dist/tex/latex/amsmath/amsgen.sty
File: amsgen.sty 1999/11/30 v2.0 generic functions
\@emptytoks=\toks15
\ex@=\dimen136
)) (d:/ruanjiananzhuang/Textlive/texlive/2020/texmf-dist/tex/latex/amsmath/amsbsy.sty
Package: amsbsy 1999/11/29 v1.2d Bold Symbols
\pmbraise@=\dimen137
) (d:/ruanjiananzhuang/Textlive/texlive/2020/texmf-dist/tex/latex/amsmath/amsopn.sty
Package: amsopn 2016/03/08 v2.02 operator names
)
\inf@bad=\count167
LaTeX Info: Redefining \frac on input line 227.
\uproot@=\count168
\leftroot@=\count169
LaTeX Info: Redefining \overline on input line 389.
\classnum@=\count170
\DOTSCASE@=\count171
LaTeX Info: Redefining \ldots on input line 486.
LaTeX Info: Redefining \dots on input line 489.
LaTeX Info: Redefining \cdots on input line 610.
\Mathstrutbox@=\box45
\strutbox@=\box46
\big@size=\dimen138
LaTeX Font Info:    Redeclaring font encoding OML on input line 733.
LaTeX Font Info:    Redeclaring font encoding OMS on input line 734.
\macc@depth=\count172
\c@MaxMatrixCols=\count173
\dotsspace@=\muskip16
\c@parentequation=\count174
\dspbrk@lvl=\count175
\tag@help=\toks16
\row@=\count176
\column@=\count177
\maxfields@=\count178
\andhelp@=\toks17
\eqnshift@=\dimen139
\alignsep@=\dimen140
\tagshift@=\dimen141
\tagwidth@=\dimen142
\totwidth@=\dimen143
\lineht@=\dimen144
\@envbody=\toks18
\multlinegap=\skip49
\multlinetaggap=\skip50
\mathdisplay@stack=\toks19
LaTeX Info: Redefining \[ on input line 2859.
LaTeX Info: Redefining \] on input line 2860.
)
LaTeX Font Info:    Trying to load font information for U+msa on input line 398.
 (d:/ruanjiananzhuang/Textlive/texlive/2020/texmf-dist/tex/latex/amsfonts/umsa.fd
File: umsa.fd 2013/01/14 v3.01 AMS symbols A
) (d:/ruanjiananzhuang/Textlive/texlive/2020/texmf-dist/tex/latex/amsfonts/amsfonts.sty
Package: amsfonts 2013/01/14 v3.01 Basic AMSFonts support
\symAMSa=\mathgroup4
\symAMSb=\mathgroup5
LaTeX Font Info:    Redeclaring math symbol \hbar on input line 98.
LaTeX Font Info:    Overwriting math alphabet `\mathfrak' in version `bold'
(Font)                  U/euf/m/n --> U/euf/b/n on input line 106.
)
\copyins=\insert199
\abstractbox=\box47
\listisep=\skip51
\c@part=\count179
\c@section=\count180
\c@subsection=\count181
\c@subsubsection=\count182
\c@paragraph=\count183
\c@subparagraph=\count184
\c@figure=\count185
\c@table=\count186
\abovecaptionskip=\skip52
\belowcaptionskip=\skip53
\captionindent=\dimen145
\thm@style=\toks20
\thm@bodyfont=\toks21
\thm@headfont=\toks22
\thm@notefont=\toks23
\thm@headpunct=\toks24
\thm@preskip=\skip54
\thm@postskip=\skip55
\thm@headsep=\skip56
\dth@everypar=\toks25
)
\DraftStatus=\count187
 (d:/ruanjiananzhuang/Textlive/texlive/2020/texmf-dist/tex/latex/comment/comment.sty
\CommentStream=\write3
 Excluding comment 'comment') (d:/ruanjiananzhuang/Textlive/texlive/2020/texmf-dist/tex/latex/graphics/graphicx.sty
Package: graphicx 2019/11/30 v1.2a Enhanced LaTeX Graphics (DPC,SPQR)
 (d:/ruanjiananzhuang/Textlive/texlive/2020/texmf-dist/tex/latex/graphics/keyval.sty
Package: keyval 2014/10/28 v1.15 key=value parser (DPC)
\KV@toks@=\toks26
) (d:/ruanjiananzhuang/Textlive/texlive/2020/texmf-dist/tex/latex/graphics/graphics.sty
Package: graphics 2019/11/30 v1.4a Standard LaTeX Graphics (DPC,SPQR)
 (d:/ruanjiananzhuang/Textlive/texlive/2020/texmf-dist/tex/latex/graphics/trig.sty
Package: trig 2016/01/03 v1.10 sin cos tan (DPC)
) (d:/ruanjiananzhuang/Textlive/texlive/2020/texmf-dist/tex/latex/graphics-cfg/graphics.cfg
File: graphics.cfg 2016/06/04 v1.11 sample graphics configuration
)
Package graphics Info: Driver file: pdftex.def on input line 105.
 (d:/ruanjiananzhuang/Textlive/texlive/2020/texmf-dist/tex/latex/graphics-def/pdftex.def
File: pdftex.def 2018/01/08 v1.0l Graphics/color driver for pdftex
))
\Gin@req@height=\dimen146
\Gin@req@width=\dimen147
) (d:/ruanjiananzhuang/Textlive/texlive/2020/texmf-dist/tex/latex/epstopdf-pkg/epstopdf.sty
Package: epstopdf 2020-01-24 v2.11 Conversion with epstopdf on the fly (HO)
 (d:/ruanjiananzhuang/Textlive/texlive/2020/texmf-dist/tex/generic/infwarerr/infwarerr.sty
Package: infwarerr 2019/12/03 v1.5 Providing info/warning/error messages (HO)
) (d:/ruanjiananzhuang/Textlive/texlive/2020/texmf-dist/tex/latex/grfext/grfext.sty
Package: grfext 2019/12/03 v1.3 Manage graphics extensions (HO)
 (d:/ruanjiananzhuang/Textlive/texlive/2020/texmf-dist/tex/generic/kvdefinekeys/kvdefinekeys.sty
Package: kvdefinekeys 2019-12-19 v1.6 Define keys (HO)
)) (d:/ruanjiananzhuang/Textlive/texlive/2020/texmf-dist/tex/latex/kvoptions/kvoptions.sty
Package: kvoptions 2019/11/29 v3.13 Key value format for package options (HO)
 (d:/ruanjiananzhuang/Textlive/texlive/2020/texmf-dist/tex/generic/ltxcmds/ltxcmds.sty
Package: ltxcmds 2019/12/15 v1.24 LaTeX kernel commands for general use (HO)
) (d:/ruanjiananzhuang/Textlive/texlive/2020/texmf-dist/tex/generic/kvsetkeys/kvsetkeys.sty
Package: kvsetkeys 2019/12/15 v1.18 Key value parser (HO)
)) (d:/ruanjiananzhuang/Textlive/texlive/2020/texmf-dist/tex/latex/pdftexcmds/pdftexcmds.sty
Package: pdftexcmds 2019/11/24 v0.31 Utility functions of pdfTeX for LuaTeX (HO)
 (d:/ruanjiananzhuang/Textlive/texlive/2020/texmf-dist/tex/generic/iftex/iftex.sty
Package: iftex 2020/03/06 v1.0d TeX engine tests
)
Package pdftexcmds Info: \pdf@primitive is available.
Package pdftexcmds Info: \pdf@ifprimitive is available.
Package pdftexcmds Info: \pdfdraftmode found.
) (d:/ruanjiananzhuang/Textlive/texlive/2020/texmf-dist/tex/latex/epstopdf-pkg/epstopdf-base.sty
Package: epstopdf-base 2020-01-24 v2.11 Base part for package epstopdf
Package epstopdf-base Info: Redefining graphics rule for `.eps' on input line 485.
Package grfext Info: Graphics extension search list:
(grfext)             [.pdf,.png,.jpg,.mps,.jpeg,.jbig2,.jb2,.PDF,.PNG,.JPG,.JPEG,.JBIG2,.JB2,.eps]
(grfext)             \AppendGraphicsExtensions on input line 504.
 (d:/ruanjiananzhuang/Textlive/texlive/2020/texmf-dist/tex/latex/latexconfig/epstopdf-sys.cfg
File: epstopdf-sys.cfg 2010/07/13 v1.3 Configuration of (r)epstopdf for TeX Live
))) (d:/ruanjiananzhuang/Textlive/texlive/2020/texmf-dist/tex/latex/subfigure/subfigure.sty
Package: subfigure 2002/03/15 v2.1.5 subfigure package
\subfigtopskip=\skip57
\subfigcapskip=\skip58
\subfigcaptopadj=\dimen148
\subfigbottomskip=\skip59
\subfigcapmargin=\dimen149
\subfiglabelskip=\skip60
\c@subfigure=\count188
\c@lofdepth=\count189
\c@subtable=\count190
\c@lotdepth=\count191

****************************************
* Local config file subfigure.cfg used *
****************************************
(d:/ruanjiananzhuang/Textlive/texlive/2020/texmf-dist/tex/latex/subfigure/subfigure.cfg)
\subfig@top=\skip61
\subfig@bottom=\skip62
) Include comment 'JournalOnly' Include comment 'ConferenceOnly' Include comment 'TulipStyle' (./preamble.tex (d:/ruanjiananzhuang/Textlive/texlive/2020/texmf-dist/tex/latex/todonotes/todonotes.sty
Package: todonotes 2019/01/24 v1.1.2 Todonotes source and documentation.
Package: todonotes 2018/11/22
 (d:/ruanjiananzhuang/Textlive/texlive/2020/texmf-dist/tex/latex/base/ifthen.sty
Package: ifthen 2014/09/29 v1.1c Standard LaTeX ifthen package (DPC)
) (d:/ruanjiananzhuang/Textlive/texlive/2020/texmf-dist/tex/latex/xkeyval/xkeyval.sty
Package: xkeyval 2014/12/03 v2.7a package option processing (HA)
 (d:/ruanjiananzhuang/Textlive/texlive/2020/texmf-dist/tex/generic/xkeyval/xkeyval.tex (d:/ruanjiananzhuang/Textlive/texlive/2020/texmf-dist/tex/generic/xkeyval/xkvutils.tex
\XKV@toks=\toks27
\XKV@tempa@toks=\toks28
)
\XKV@depth=\count192
File: xkeyval.tex 2014/12/03 v2.7a key=value parser (HA)
)) (d:/ruanjiananzhuang/Textlive/texlive/2020/texmf-dist/tex/latex/xcolor/xcolor.sty
Package: xcolor 2016/05/11 v2.12 LaTeX color extensions (UK)
 (d:/ruanjiananzhuang/Textlive/texlive/2020/texmf-dist/tex/latex/graphics-cfg/color.cfg
File: color.cfg 2016/01/02 v1.6 sample color configuration
)
Package xcolor Info: Driver file: pdftex.def on input line 225.
Package xcolor Info: Model `cmy' substituted by `cmy0' on input line 1348.
Package xcolor Info: Model `hsb' substituted by `rgb' on input line 1352.
Package xcolor Info: Model `RGB' extended on input line 1364.
Package xcolor Info: Model `HTML' substituted by `rgb' on input line 1366.
Package xcolor Info: Model `Hsb' substituted by `hsb' on input line 1367.
Package xcolor Info: Model `tHsb' substituted by `hsb' on input line 1368.
Package xcolor Info: Model `HSB' substituted by `hsb' on input line 1369.
Package xcolor Info: Model `Gray' substituted by `gray' on input line 1370.
Package xcolor Info: Model `wave' substituted by `hsb' on input line 1371.
) (d:/ruanjiananzhuang/Textlive/texlive/2020/texmf-dist/tex/latex/pgf/frontendlayer/tikz.sty (d:/ruanjiananzhuang/Textlive/texlive/2020/texmf-dist/tex/latex/pgf/basiclayer/pgf.sty (d:/ruanjiananzhuang/Textlive/texlive/2020/texmf-dist/tex/latex/pgf/utilities/pgfrcs.sty (d:/ruanjiananzhuang/Textlive/texlive/2020/texmf-dist/tex/generic/pgf/utilities/pgfutil-common.tex
\pgfutil@everybye=\toks29
\pgfutil@tempdima=\dimen150
\pgfutil@tempdimb=\dimen151
 (d:/ruanjiananzhuang/Textlive/texlive/2020/texmf-dist/tex/generic/pgf/utilities/pgfutil-common-lists.tex)) (d:/ruanjiananzhuang/Textlive/texlive/2020/texmf-dist/tex/generic/pgf/utilities/pgfutil-latex.def
\pgfutil@abb=\box48
 (d:/ruanjiananzhuang/Textlive/texlive/2020/texmf-dist/tex/latex/ms/everyshi.sty
Package: everyshi 2001/05/15 v3.00 EveryShipout Package (MS)
)) (d:/ruanjiananzhuang/Textlive/texlive/2020/texmf-dist/tex/generic/pgf/utilities/pgfrcs.code.tex (d:/ruanjiananzhuang/Textlive/texlive/2020/texmf-dist/tex/generic/pgf/pgf.revision.tex)
Package: pgfrcs 2020/01/08 v3.1.5b (3.1.5b)
))
Package: pgf 2020/01/08 v3.1.5b (3.1.5b)
 (d:/ruanjiananzhuang/Textlive/texlive/2020/texmf-dist/tex/latex/pgf/basiclayer/pgfcore.sty (d:/ruanjiananzhuang/Textlive/texlive/2020/texmf-dist/tex/latex/pgf/systemlayer/pgfsys.sty (d:/ruanjiananzhuang/Textlive/texlive/2020/texmf-dist/tex/generic/pgf/systemlayer/pgfsys.code.tex
Package: pgfsys 2020/01/08 v3.1.5b (3.1.5b)
 (d:/ruanjiananzhuang/Textlive/texlive/2020/texmf-dist/tex/generic/pgf/utilities/pgfkeys.code.tex
\pgfkeys@pathtoks=\toks30
\pgfkeys@temptoks=\toks31
 (d:/ruanjiananzhuang/Textlive/texlive/2020/texmf-dist/tex/generic/pgf/utilities/pgfkeysfiltered.code.tex
\pgfkeys@tmptoks=\toks32
))
\pgf@x=\dimen152
\pgf@y=\dimen153
\pgf@xa=\dimen154
\pgf@ya=\dimen155
\pgf@xb=\dimen156
\pgf@yb=\dimen157
\pgf@xc=\dimen158
\pgf@yc=\dimen159
\pgf@xd=\dimen160
\pgf@yd=\dimen161
\w@pgf@writea=\write4
\r@pgf@reada=\read2
\c@pgf@counta=\count193
\c@pgf@countb=\count194
\c@pgf@countc=\count195
\c@pgf@countd=\count196
\t@pgf@toka=\toks33
\t@pgf@tokb=\toks34
\t@pgf@tokc=\toks35
\pgf@sys@id@count=\count197
 (d:/ruanjiananzhuang/Textlive/texlive/2020/texmf-dist/tex/generic/pgf/systemlayer/pgf.cfg
File: pgf.cfg 2020/01/08 v3.1.5b (3.1.5b)
)
Driver file for pgf: pgfsys-pdftex.def
 (d:/ruanjiananzhuang/Textlive/texlive/2020/texmf-dist/tex/generic/pgf/systemlayer/pgfsys-pdftex.def
File: pgfsys-pdftex.def 2020/01/08 v3.1.5b (3.1.5b)
 (d:/ruanjiananzhuang/Textlive/texlive/2020/texmf-dist/tex/generic/pgf/systemlayer/pgfsys-common-pdf.def
File: pgfsys-common-pdf.def 2020/01/08 v3.1.5b (3.1.5b)
))) (d:/ruanjiananzhuang/Textlive/texlive/2020/texmf-dist/tex/generic/pgf/systemlayer/pgfsyssoftpath.code.tex
File: pgfsyssoftpath.code.tex 2020/01/08 v3.1.5b (3.1.5b)
\pgfsyssoftpath@smallbuffer@items=\count198
\pgfsyssoftpath@bigbuffer@items=\count266
) (d:/ruanjiananzhuang/Textlive/texlive/2020/texmf-dist/tex/generic/pgf/systemlayer/pgfsysprotocol.code.tex
File: pgfsysprotocol.code.tex 2020/01/08 v3.1.5b (3.1.5b)
)) (d:/ruanjiananzhuang/Textlive/texlive/2020/texmf-dist/tex/generic/pgf/basiclayer/pgfcore.code.tex
Package: pgfcore 2020/01/08 v3.1.5b (3.1.5b)
 (d:/ruanjiananzhuang/Textlive/texlive/2020/texmf-dist/tex/generic/pgf/math/pgfmath.code.tex (d:/ruanjiananzhuang/Textlive/texlive/2020/texmf-dist/tex/generic/pgf/math/pgfmathcalc.code.tex (d:/ruanjiananzhuang/Textlive/texlive/2020/texmf-dist/tex/generic/pgf/math/pgfmathutil.code.tex) (d:/ruanjiananzhuang/Textlive/texlive/2020/texmf-dist/tex/generic/pgf/math/pgfmathparser.code.tex
\pgfmath@dimen=\dimen162
\pgfmath@count=\count267
\pgfmath@box=\box49
\pgfmath@toks=\toks36
\pgfmath@stack@operand=\toks37
\pgfmath@stack@operation=\toks38
) (d:/ruanjiananzhuang/Textlive/texlive/2020/texmf-dist/tex/generic/pgf/math/pgfmathfunctions.code.tex (d:/ruanjiananzhuang/Textlive/texlive/2020/texmf-dist/tex/generic/pgf/math/pgfmathfunctions.basic.code.tex) (d:/ruanjiananzhuang/Textlive/texlive/2020/texmf-dist/tex/generic/pgf/math/pgfmathfunctions.trigonometric.code.tex) (d:/ruanjiananzhuang/Textlive/texlive/2020/texmf-dist/tex/generic/pgf/math/pgfmathfunctions.random.code.tex) (d:/ruanjiananzhuang/Textlive/texlive/2020/texmf-dist/tex/generic/pgf/math/pgfmathfunctions.comparison.code.tex) (d:/ruanjiananzhuang/Textlive/texlive/2020/texmf-dist/tex/generic/pgf/math/pgfmathfunctions.base.code.tex) (d:/ruanjiananzhuang/Textlive/texlive/2020/texmf-dist/tex/generic/pgf/math/pgfmathfunctions.round.code.tex) (d:/ruanjiananzhuang/Textlive/texlive/2020/texmf-dist/tex/generic/pgf/math/pgfmathfunctions.misc.code.tex) (d:/ruanjiananzhuang/Textlive/texlive/2020/texmf-dist/tex/generic/pgf/math/pgfmathfunctions.integerarithmetics.code.tex))) (d:/ruanjiananzhuang/Textlive/texlive/2020/texmf-dist/tex/generic/pgf/math/pgfmathfloat.code.tex
\c@pgfmathroundto@lastzeros=\count268
)) (d:/ruanjiananzhuang/Textlive/texlive/2020/texmf-dist/tex/generic/pgf/math/pgfint.code.tex) (d:/ruanjiananzhuang/Textlive/texlive/2020/texmf-dist/tex/generic/pgf/basiclayer/pgfcorepoints.code.tex
File: pgfcorepoints.code.tex 2020/01/08 v3.1.5b (3.1.5b)
\pgf@picminx=\dimen163
\pgf@picmaxx=\dimen164
\pgf@picminy=\dimen165
\pgf@picmaxy=\dimen166
\pgf@pathminx=\dimen167
\pgf@pathmaxx=\dimen168
\pgf@pathminy=\dimen169
\pgf@pathmaxy=\dimen170
\pgf@xx=\dimen171
\pgf@xy=\dimen172
\pgf@yx=\dimen173
\pgf@yy=\dimen174
\pgf@zx=\dimen175
\pgf@zy=\dimen176
) (d:/ruanjiananzhuang/Textlive/texlive/2020/texmf-dist/tex/generic/pgf/basiclayer/pgfcorepathconstruct.code.tex
File: pgfcorepathconstruct.code.tex 2020/01/08 v3.1.5b (3.1.5b)
\pgf@path@lastx=\dimen177
\pgf@path@lasty=\dimen178
) (d:/ruanjiananzhuang/Textlive/texlive/2020/texmf-dist/tex/generic/pgf/basiclayer/pgfcorepathusage.code.tex
File: pgfcorepathusage.code.tex 2020/01/08 v3.1.5b (3.1.5b)
\pgf@shorten@end@additional=\dimen179
\pgf@shorten@start@additional=\dimen180
) (d:/ruanjiananzhuang/Textlive/texlive/2020/texmf-dist/tex/generic/pgf/basiclayer/pgfcorescopes.code.tex
File: pgfcorescopes.code.tex 2020/01/08 v3.1.5b (3.1.5b)
\pgfpic=\box50
\pgf@hbox=\box51
\pgf@layerbox@main=\box52
\pgf@picture@serial@count=\count269
) (d:/ruanjiananzhuang/Textlive/texlive/2020/texmf-dist/tex/generic/pgf/basiclayer/pgfcoregraphicstate.code.tex
File: pgfcoregraphicstate.code.tex 2020/01/08 v3.1.5b (3.1.5b)
\pgflinewidth=\dimen181
) (d:/ruanjiananzhuang/Textlive/texlive/2020/texmf-dist/tex/generic/pgf/basiclayer/pgfcoretransformations.code.tex
File: pgfcoretransformations.code.tex 2020/01/08 v3.1.5b (3.1.5b)
\pgf@pt@x=\dimen182
\pgf@pt@y=\dimen183
\pgf@pt@temp=\dimen184
) (d:/ruanjiananzhuang/Textlive/texlive/2020/texmf-dist/tex/generic/pgf/basiclayer/pgfcorequick.code.tex
File: pgfcorequick.code.tex 2020/01/08 v3.1.5b (3.1.5b)
) (d:/ruanjiananzhuang/Textlive/texlive/2020/texmf-dist/tex/generic/pgf/basiclayer/pgfcoreobjects.code.tex
File: pgfcoreobjects.code.tex 2020/01/08 v3.1.5b (3.1.5b)
) (d:/ruanjiananzhuang/Textlive/texlive/2020/texmf-dist/tex/generic/pgf/basiclayer/pgfcorepathprocessing.code.tex
File: pgfcorepathprocessing.code.tex 2020/01/08 v3.1.5b (3.1.5b)
) (d:/ruanjiananzhuang/Textlive/texlive/2020/texmf-dist/tex/generic/pgf/basiclayer/pgfcorearrows.code.tex
File: pgfcorearrows.code.tex 2020/01/08 v3.1.5b (3.1.5b)
\pgfarrowsep=\dimen185
) (d:/ruanjiananzhuang/Textlive/texlive/2020/texmf-dist/tex/generic/pgf/basiclayer/pgfcoreshade.code.tex
File: pgfcoreshade.code.tex 2020/01/08 v3.1.5b (3.1.5b)
\pgf@max=\dimen186
\pgf@sys@shading@range@num=\count270
\pgf@shadingcount=\count271
) (d:/ruanjiananzhuang/Textlive/texlive/2020/texmf-dist/tex/generic/pgf/basiclayer/pgfcoreimage.code.tex
File: pgfcoreimage.code.tex 2020/01/08 v3.1.5b (3.1.5b)
 (d:/ruanjiananzhuang/Textlive/texlive/2020/texmf-dist/tex/generic/pgf/basiclayer/pgfcoreexternal.code.tex
File: pgfcoreexternal.code.tex 2020/01/08 v3.1.5b (3.1.5b)
\pgfexternal@startupbox=\box53
)) (d:/ruanjiananzhuang/Textlive/texlive/2020/texmf-dist/tex/generic/pgf/basiclayer/pgfcorelayers.code.tex
File: pgfcorelayers.code.tex 2020/01/08 v3.1.5b (3.1.5b)
) (d:/ruanjiananzhuang/Textlive/texlive/2020/texmf-dist/tex/generic/pgf/basiclayer/pgfcoretransparency.code.tex
File: pgfcoretransparency.code.tex 2020/01/08 v3.1.5b (3.1.5b)
) (d:/ruanjiananzhuang/Textlive/texlive/2020/texmf-dist/tex/generic/pgf/basiclayer/pgfcorepatterns.code.tex
File: pgfcorepatterns.code.tex 2020/01/08 v3.1.5b (3.1.5b)
) (d:/ruanjiananzhuang/Textlive/texlive/2020/texmf-dist/tex/generic/pgf/basiclayer/pgfcorerdf.code.tex
File: pgfcorerdf.code.tex 2020/01/08 v3.1.5b (3.1.5b)
))) (d:/ruanjiananzhuang/Textlive/texlive/2020/texmf-dist/tex/generic/pgf/modules/pgfmoduleshapes.code.tex
File: pgfmoduleshapes.code.tex 2020/01/08 v3.1.5b (3.1.5b)
\pgfnodeparttextbox=\box54
) (d:/ruanjiananzhuang/Textlive/texlive/2020/texmf-dist/tex/generic/pgf/modules/pgfmoduleplot.code.tex
File: pgfmoduleplot.code.tex 2020/01/08 v3.1.5b (3.1.5b)
) (d:/ruanjiananzhuang/Textlive/texlive/2020/texmf-dist/tex/latex/pgf/compatibility/pgfcomp-version-0-65.sty
Package: pgfcomp-version-0-65 2020/01/08 v3.1.5b (3.1.5b)
\pgf@nodesepstart=\dimen187
\pgf@nodesepend=\dimen188
) (d:/ruanjiananzhuang/Textlive/texlive/2020/texmf-dist/tex/latex/pgf/compatibility/pgfcomp-version-1-18.sty
Package: pgfcomp-version-1-18 2020/01/08 v3.1.5b (3.1.5b)
)) (d:/ruanjiananzhuang/Textlive/texlive/2020/texmf-dist/tex/latex/pgf/utilities/pgffor.sty (d:/ruanjiananzhuang/Textlive/texlive/2020/texmf-dist/tex/latex/pgf/utilities/pgfkeys.sty (d:/ruanjiananzhuang/Textlive/texlive/2020/texmf-dist/tex/generic/pgf/utilities/pgfkeys.code.tex)) (d:/ruanjiananzhuang/Textlive/texlive/2020/texmf-dist/tex/latex/pgf/math/pgfmath.sty (d:/ruanjiananzhuang/Textlive/texlive/2020/texmf-dist/tex/generic/pgf/math/pgfmath.code.tex)) (d:/ruanjiananzhuang/Textlive/texlive/2020/texmf-dist/tex/generic/pgf/utilities/pgffor.code.tex
Package: pgffor 2020/01/08 v3.1.5b (3.1.5b)
 (d:/ruanjiananzhuang/Textlive/texlive/2020/texmf-dist/tex/generic/pgf/math/pgfmath.code.tex)
\pgffor@iter=\dimen189
\pgffor@skip=\dimen190
\pgffor@stack=\toks39
\pgffor@toks=\toks40
)) (d:/ruanjiananzhuang/Textlive/texlive/2020/texmf-dist/tex/generic/pgf/frontendlayer/tikz/tikz.code.tex
Package: tikz 2020/01/08 v3.1.5b (3.1.5b)
 (d:/ruanjiananzhuang/Textlive/texlive/2020/texmf-dist/tex/generic/pgf/libraries/pgflibraryplothandlers.code.tex
File: pgflibraryplothandlers.code.tex 2020/01/08 v3.1.5b (3.1.5b)
\pgf@plot@mark@count=\count272
\pgfplotmarksize=\dimen191
)
\tikz@lastx=\dimen192
\tikz@lasty=\dimen193
\tikz@lastxsaved=\dimen194
\tikz@lastysaved=\dimen195
\tikz@lastmovetox=\dimen196
\tikz@lastmovetoy=\dimen197
\tikzleveldistance=\dimen198
\tikzsiblingdistance=\dimen256
\tikz@figbox=\box55
\tikz@figbox@bg=\box56
\tikz@tempbox=\box57
\tikz@tempbox@bg=\box58
\tikztreelevel=\count273
\tikznumberofchildren=\count274
\tikznumberofcurrentchild=\count275
\tikz@fig@count=\count276
 (d:/ruanjiananzhuang/Textlive/texlive/2020/texmf-dist/tex/generic/pgf/modules/pgfmodulematrix.code.tex
File: pgfmodulematrix.code.tex 2020/01/08 v3.1.5b (3.1.5b)
\pgfmatrixcurrentrow=\count277
\pgfmatrixcurrentcolumn=\count278
\pgf@matrix@numberofcolumns=\count279
)
\tikz@expandcount=\count280
 (d:/ruanjiananzhuang/Textlive/texlive/2020/texmf-dist/tex/generic/pgf/frontendlayer/tikz/libraries/tikzlibrarytopaths.code.tex
File: tikzlibrarytopaths.code.tex 2020/01/08 v3.1.5b (3.1.5b)
))) (d:/ruanjiananzhuang/Textlive/texlive/2020/texmf-dist/tex/generic/pgf/frontendlayer/tikz/libraries/tikzlibrarypositioning.code.tex
File: tikzlibrarypositioning.code.tex 2020/01/08 v3.1.5b (3.1.5b)
) (d:/ruanjiananzhuang/Textlive/texlive/2020/texmf-dist/tex/generic/pgf/frontendlayer/tikz/libraries/tikzlibraryshadows.code.tex
File: tikzlibraryshadows.code.tex 2020/01/08 v3.1.5b (3.1.5b)
 (d:/ruanjiananzhuang/Textlive/texlive/2020/texmf-dist/tex/generic/pgf/frontendlayer/tikz/libraries/tikzlibraryfadings.code.tex
File: tikzlibraryfadings.code.tex 2020/01/08 v3.1.5b (3.1.5b)
 (d:/ruanjiananzhuang/Textlive/texlive/2020/texmf-dist/tex/generic/pgf/libraries/pgflibraryfadings.code.tex
File: pgflibraryfadings.code.tex 2020/01/08 v3.1.5b (3.1.5b)
))) (d:/ruanjiananzhuang/Textlive/texlive/2020/texmf-dist/tex/latex/tools/calc.sty
Package: calc 2017/05/25 v4.3 Infix arithmetic (KKT,FJ)
\calc@Acount=\count281
\calc@Bcount=\count282
\calc@Adimen=\dimen257
\calc@Bdimen=\dimen258
\calc@Askip=\skip63
\calc@Bskip=\skip64
LaTeX Info: Redefining \setlength on input line 80.
LaTeX Info: Redefining \addtolength on input line 81.
\calc@Ccount=\count283
\calc@Cskip=\skip65
)
\c@@todonotes@numberoftodonotes=\count284
) (d:/ruanjiananzhuang/Textlive/texlive/2020/texmf-dist/tex/latex/algorithms/algorithm.sty
Package: algorithm 2009/08/24 v0.1 Document Style `algorithm' - floating environment
 (d:/ruanjiananzhuang/Textlive/texlive/2020/texmf-dist/tex/latex/float/float.sty
Package: float 2001/11/08 v1.3d Float enhancements (AL)
\c@float@type=\count285
\float@exts=\toks41
\float@box=\box59
\@float@everytoks=\toks42
\@floatcapt=\box60
)
\@float@every@algorithm=\toks43
\c@algorithm=\count286
) (d:/ruanjiananzhuang/Textlive/texlive/2020/texmf-dist/tex/latex/algorithms/algorithmic.sty
Package: algorithmic 2009/08/24 v0.1 Document Style `algorithmic'
\c@ALC@unique=\count287
\c@ALC@line=\count288
\c@ALC@rem=\count289
\c@ALC@depth=\count290
\ALC@tlm=\skip66
\algorithmicindent=\skip67
) (d:/ruanjiananzhuang/Textlive/texlive/2020/texmf-dist/tex/latex/breqn/breqn.sty (d:/ruanjiananzhuang/Textlive/texlive/2020/texmf-dist/tex/latex/l3kernel/expl3.sty
Package: expl3 2020-03-06 L3 programming layer (loader) 
 (d:/ruanjiananzhuang/Textlive/texlive/2020/texmf-dist/tex/latex/l3backend/l3backend-pdfmode.def
File: l3backend-pdfmode.def 2020-03-12 L3 backend support: PDF mode
\l__kernel_color_stack_int=\count291
\l__pdf_internal_box=\box61
))
Package: breqn 2020/02/18 v0.98i Breaking equations
 (d:/ruanjiananzhuang/Textlive/texlive/2020/texmf-dist/tex/latex/breqn/flexisym.sty
Package: flexisym 2020/02/18 v0.98i Make math characters macros
LaTeX Info: Redefining \textprime on input line 298.
LaTeX Info: Redefining \not on input line 356.
 (d:/ruanjiananzhuang/Textlive/texlive/2020/texmf-dist/tex/latex/breqn/cmbase.sym
File: cmbase.sym 2007/12/19 v0.92
LaTeX Info: Redefining \hbar on input line 323.
LaTeX Info: Redefining \surd on input line 325.
LaTeX Info: Redefining \angle on input line 333.
LaTeX Info: Redefining \neq on input line 334.
LaTeX Info: Redefining \mapsto on input line 335.
LaTeX Info: Redefining \cong on input line 336.
LaTeX Info: Redefining \notin on input line 339.
LaTeX Info: Redefining \rightleftharpoons on input line 340.
LaTeX Info: Redefining \doteq on input line 341.
LaTeX Info: Redefining \hookrightarrow on input line 342.
LaTeX Info: Redefining \hookleftarrow on input line 343.
LaTeX Info: Redefining \bowtie on input line 344.
LaTeX Info: Redefining \models on input line 345.
LaTeX Info: Redefining \Longrightarrow on input line 346.
LaTeX Info: Redefining \longrightarrow on input line 347.
LaTeX Info: Redefining \Longleftarrow on input line 348.
LaTeX Info: Redefining \longleftarrow on input line 349.
LaTeX Info: Redefining \longmapsto on input line 350.
LaTeX Info: Redefining \longleftrightarrow on input line 351.
LaTeX Info: Redefining \Longleftrightarrow on input line 352.
LaTeX Info: Redefining \cdots on input line 356.
LaTeX Info: Redefining \vdots on input line 359.
LaTeX Info: Redefining \ddots on input line 364.
) (d:/ruanjiananzhuang/Textlive/texlive/2020/texmf-dist/tex/latex/breqn/mathstyle.sty
Package: mathstyle 2020/02/18 v0.98i Tracking mathstyle implicitly
LaTeX Info: Redefining \displaystyle on input line 93.
LaTeX Info: Redefining \textstyle on input line 95.
LaTeX Info: Redefining \scriptstyle on input line 97.
LaTeX Info: Redefining \scriptscriptstyle on input line 99.
LaTeX Info: Redefining \genfrac on input line 145.
))
\inf@bad=\count292
\maxint=\count293
\listwidth=\dimen259
\eqnumsep=\dimen260
\eqmargin=\dimen261
\eqlinespacing=\skip68
\eqlineskip=\skip69
\eqlineskiplimit=\dimen262
\eqbinoffset=\muskip17
\eqdelimoffset=\muskip18
\eqindentstep=\dimen263
\eqstyle=\toks44
\eqbreakdepth=\count294
\eqinterlinepenalty=\count295
\intereqpenalty=\count296
\intereqskip=\skip70
\prerelpenalty=\count297
\prebinoppenalty=\count298
\Dmedmuskip=\muskip19
\Dthickmuskip=\muskip20
\eqleftskip=\skip71
\eqrightskip=\skip72
\eq@vspan=\skip73
\eq@binoffset=\muskip21
\EQ@box=\box62
\EQ@copy=\box63
\EQ@numbox=\box64
\eq@wdNum=\dimen264
\GRP@numbox=\box65
\grp@wdNum=\dimen265
\eq@lines=\count299
\eq@curline=\count300
\eq@badness=\count301
\EQ@vims=\count302
\eq@dp=\dimen266
\eq@wdL=\dimen267
\eq@wdT=\dimen268
\eq@wdMin=\dimen269
\grp@wdL=\dimen270
\grp@wdR=\dimen271
\grp@wdT=\dimen272
\eq@wdRmax=\dimen273
\eq@firstht=\dimen274
\eq@wdCond=\dimen275
\eq@indentstep=\dimen276
\eq@linewidth=\dimen277
\grp@linewidth=\dimen278
\eq@hshift=\dimen279
\eq@given@sidespace=\dimen280
\mathindent=\dimen281
\eq@final@linecount=\count303
\eq@wdR=\dimen282
\EQ@continue=\toks45
\lr@level=\count304
\GRP@queue=\toks46
\GRP@box=\box66
\GRP@wholebox=\box67
\darraycolsep=\skip74
\cur@row=\count305
\cur@col=\count306
\conditionsep=\skip75
) (d:/ruanjiananzhuang/Textlive/texlive/2020/texmf-dist/tex/latex/caption/subcaption.sty
Package: subcaption 2020/01/22 v1.3d Sub-captions (AR)
 (d:/ruanjiananzhuang/Textlive/texlive/2020/texmf-dist/tex/latex/caption/caption.sty
Package: caption 2020/01/03 v3.4h Customizing captions (AR)
 (d:/ruanjiananzhuang/Textlive/texlive/2020/texmf-dist/tex/latex/caption/caption3.sty
Package: caption3 2020/01/03 v1.8h caption3 kernel (AR)
Package caption3 Info: TeX engine: e-TeX on input line 61.
\captionmargin=\dimen283
\captionmargin@=\dimen284
\captionwidth=\dimen285
\caption@tempdima=\dimen286
\caption@indent=\dimen287
\caption@parindent=\dimen288
\caption@hangindent=\dimen289
Package caption Info: AMS or SMF document class detected.
)
Package caption Info: AMS or SMF document class.
\c@caption@flags=\count307
\c@continuedfloat=\count308
Package caption Info: float package is loaded.
Package caption Info: subfigure package is loaded.
)

d:/ruanjiananzhuang/Textlive/texlive/2020/texmf-dist/tex/latex/caption/subcaption.sty:62: Package subcaption Error: This package can't be used in cooperation
(subcaption)                with the subfigure package.

See the subcaption package documentation for explanation.
Type  H <return>  for immediate help.
 ...                                              
                                                  
l.62 \subcaption@CheckCompatibility
                                   
If you do not understand this error, please take a closer look
at the documentation of the `subcaption' package, especially the
section about errors.
Try typing  <return>  to proceed.
If that doesn't work, type  X <return>  to quit.

) (d:/ruanjiananzhuang/Textlive/texlive/2020/texmf-dist/tex/latex/multirow/multirow.sty
Package: multirow 2019/05/31 v2.5 Span multiple rows of a table
\multirow@colwidth=\skip76
\multirow@cntb=\count309
\multirow@dima=\skip77
\bigstrutjot=\dimen290
) (d:/ruanjiananzhuang/Textlive/texlive/2020/texmf-dist/tex/latex/psfrag/psfrag.sty
Package: psfrag 1998/04/11 v3.04 PSfrag (MCG)
\pfg@pcount=\count310
\pfg@scount=\count311
\pfg@temp=\write5
) (d:/ruanjiananzhuang/Textlive/texlive/2020/texmf-dist/tex/latex/url/url.sty
\Urlmuskip=\muskip22
Package: url 2013/09/16  ver 3.4  Verb mode for urls, etc.
) (d:/ruanjiananzhuang/Textlive/texlive/2020/texmf-dist/tex/latex/hyperref/hyperref.sty
Package: hyperref 2020/01/14 v7.00d Hypertext links for LaTeX
 (d:/ruanjiananzhuang/Textlive/texlive/2020/texmf-dist/tex/generic/pdfescape/pdfescape.sty
Package: pdfescape 2019/12/09 v1.15 Implements pdfTeX's escape features (HO)
) (d:/ruanjiananzhuang/Textlive/texlive/2020/texmf-dist/tex/latex/hycolor/hycolor.sty
Package: hycolor 2020-01-27 v1.10 Color options for hyperref/bookmark (HO)
) (d:/ruanjiananzhuang/Textlive/texlive/2020/texmf-dist/tex/latex/letltxmacro/letltxmacro.sty
Package: letltxmacro 2019/12/03 v1.6 Let assignment for LaTeX macros (HO)
) (d:/ruanjiananzhuang/Textlive/texlive/2020/texmf-dist/tex/latex/auxhook/auxhook.sty
Package: auxhook 2019-12-17 v1.6 Hooks for auxiliary files (HO)
)
\@linkdim=\dimen291
\Hy@linkcounter=\count312
\Hy@pagecounter=\count313
 (d:/ruanjiananzhuang/Textlive/texlive/2020/texmf-dist/tex/latex/hyperref/pd1enc.def
File: pd1enc.def 2020/01/14 v7.00d Hyperref: PDFDocEncoding definition (HO)
Now handling font encoding PD1 ...
... no UTF-8 mapping file for font encoding PD1
) (d:/ruanjiananzhuang/Textlive/texlive/2020/texmf-dist/tex/generic/intcalc/intcalc.sty
Package: intcalc 2019/12/15 v1.3 Expandable calculations with integers (HO)
) (d:/ruanjiananzhuang/Textlive/texlive/2020/texmf-dist/tex/generic/etexcmds/etexcmds.sty
Package: etexcmds 2019/12/15 v1.7 Avoid name clashes with e-TeX commands (HO)
)
\Hy@SavedSpaceFactor=\count314
Package hyperref Info: Option `colorlinks' set `true' on input line 4421.
Package hyperref Info: Hyper figures OFF on input line 4547.
Package hyperref Info: Link nesting OFF on input line 4552.
Package hyperref Info: Hyper index ON on input line 4555.
Package hyperref Info: Plain pages OFF on input line 4562.
Package hyperref Info: Backreferencing OFF on input line 4567.
Package hyperref Info: Implicit mode ON; LaTeX internals redefined.
Package hyperref Info: Bookmarks ON on input line 4800.
\c@Hy@tempcnt=\count315
LaTeX Info: Redefining \url on input line 5159.
\XeTeXLinkMargin=\dimen292
 (d:/ruanjiananzhuang/Textlive/texlive/2020/texmf-dist/tex/generic/bitset/bitset.sty
Package: bitset 2019/12/09 v1.3 Handle bit-vector datatype (HO)
 (d:/ruanjiananzhuang/Textlive/texlive/2020/texmf-dist/tex/generic/bigintcalc/bigintcalc.sty
Package: bigintcalc 2019/12/15 v1.5 Expandable calculations on big integers (HO)
))
\Fld@menulength=\count316
\Field@Width=\dimen293
\Fld@charsize=\dimen294
Package hyperref Info: Hyper figures OFF on input line 6430.
Package hyperref Info: Link nesting OFF on input line 6435.
Package hyperref Info: Hyper index ON on input line 6438.
Package hyperref Info: backreferencing OFF on input line 6445.
Package hyperref Info: Link coloring ON on input line 6448.
Package hyperref Info: Link coloring with OCG OFF on input line 6455.
Package hyperref Info: PDF/A mode OFF on input line 6460.
LaTeX Info: Redefining \ref on input line 6500.
LaTeX Info: Redefining \pageref on input line 6504.
 (d:/ruanjiananzhuang/Textlive/texlive/2020/texmf-dist/tex/generic/atbegshi/atbegshi.sty
Package: atbegshi 2019/12/05 v1.19 At begin shipout hook (HO)
)
\Hy@abspage=\count317
\c@Item=\count318
\c@Hfootnote=\count319
)
Package hyperref Info: Driver (autodetected): hpdftex.
 (d:/ruanjiananzhuang/Textlive/texlive/2020/texmf-dist/tex/latex/hyperref/hpdftex.def
File: hpdftex.def 2020/01/14 v7.00d Hyperref driver for pdfTeX
 (d:/ruanjiananzhuang/Textlive/texlive/2020/texmf-dist/tex/latex/atveryend/atveryend.sty
Package: atveryend 2019-12-11 v1.11 Hooks at the very end of document (HO)
Package atveryend Info: \enddocument detected (standard20110627).
)
\Fld@listcount=\count320
\c@bookmark@seq@number=\count321
 (d:/ruanjiananzhuang/Textlive/texlive/2020/texmf-dist/tex/latex/rerunfilecheck/rerunfilecheck.sty
Package: rerunfilecheck 2019/12/05 v1.9 Rerun checks for auxiliary files (HO)
 (d:/ruanjiananzhuang/Textlive/texlive/2020/texmf-dist/tex/generic/uniquecounter/uniquecounter.sty
Package: uniquecounter 2019/12/15 v1.4 Provide unlimited unique counter (HO)
)
Package uniquecounter Info: New unique counter `rerunfilecheck' on input line 286.
)
\Hy@SectionHShift=\skip78
) (d:/ruanjiananzhuang/Textlive/texlive/2020/texmf-dist/tex/latex/cleveref/cleveref.sty
Package: cleveref 2018/03/27 v0.21.4 Intelligent cross-referencing
Package cleveref Info: `hyperref' support loaded on input line 2370.
LaTeX Info: Redefining \cref on input line 2370.
LaTeX Info: Redefining \Cref on input line 2370.
LaTeX Info: Redefining \crefrange on input line 2370.
LaTeX Info: Redefining \Crefrange on input line 2370.
LaTeX Info: Redefining \cpageref on input line 2370.
LaTeX Info: Redefining \Cpageref on input line 2370.
LaTeX Info: Redefining \cpagerefrange on input line 2370.
LaTeX Info: Redefining \Cpagerefrange on input line 2370.
LaTeX Info: Redefining \labelcref on input line 2370.
LaTeX Info: Redefining \labelcpageref on input line 2370.
Package cleveref Info: `amsthm' support loaded on input line 3026.
Package cleveref Info: `breqn' support loaded on input line 3109.
) (d:/ruanjiananzhuang/Textlive/texlive/2020/texmf-dist/tex/latex/booktabs/booktabs.sty
Package: booktabs 2020/01/12 v1.61803398 Publication quality tables
\heavyrulewidth=\dimen295
\lightrulewidth=\dimen296
\cmidrulewidth=\dimen297
\belowrulesep=\dimen298
\belowbottomsep=\dimen299
\aboverulesep=\dimen300
\abovetopsep=\dimen301
\cmidrulesep=\dimen302
\cmidrulekern=\dimen303
\defaultaddspace=\dimen304
\@cmidla=\count322
\@cmidlb=\count323
\@aboverulesep=\dimen305
\@belowrulesep=\dimen306
\@thisruleclass=\count324
\@lastruleclass=\count325
\@thisrulewidth=\dimen307
) (d:/ruanjiananzhuang/Textlive/texlive/2020/texmf-dist/tex/latex/graphics/rotating.sty
Package: rotating 2016/08/11 v2.16d rotated objects in LaTeX
\c@r@tfl@t=\count326
\rotFPtop=\skip79
\rotFPbot=\skip80
\rot@float@box=\box68
\rot@mess@toks=\toks47
) (d:/ruanjiananzhuang/Textlive/texlive/2020/texmf-dist/tex/latex/colortbl/colortbl.sty
Package: colortbl 2020/01/04 v1.0e Color table columns (DPC)
 (d:/ruanjiananzhuang/Textlive/texlive/2020/texmf-dist/tex/latex/tools/array.sty
Package: array 2019/08/31 v2.4l Tabular extension package (FMi)
\col@sep=\dimen308
\ar@mcellbox=\box69
\extrarowheight=\dimen309
\NC@list=\toks48
\extratabsurround=\skip81
\backup@length=\skip82
\ar@cellbox=\box70
)
\everycr=\toks49
\minrowclearance=\skip83
) (d:/ruanjiananzhuang/Textlive/texlive/2020/texmf-dist/tex/latex/paralist/paralist.sty
Package: paralist 2017/01/22 v2.7 Extended list environments
\pltopsep=\skip84
\plpartopsep=\skip85
\plitemsep=\skip86
\plparsep=\skip87
\pl@lab=\toks50
) (d:/ruanjiananzhuang/Textlive/texlive/2020/texmf-dist/tex/latex/nag/nag.sty
Package: nag 2011/11/25 0.7 warning about old commands (ulmi)
\c@nag@c=\count327
\c@nag@sins=\count328
) (d:/ruanjiananzhuang/Textlive/texlive/2020/texmf-dist/tex/latex/microtype/microtype.sty
Package: microtype 2019/11/18 v2.7d Micro-typographical refinements (RS)
\MT@toks=\toks51
\MT@count=\count329
LaTeX Info: Redefining \textls on input line 790.
\MT@outer@kern=\dimen310
LaTeX Info: Redefining \textmicrotypecontext on input line 1354.
\MT@listname@count=\count330
 (d:/ruanjiananzhuang/Textlive/texlive/2020/texmf-dist/tex/latex/microtype/microtype-pdftex.def
File: microtype-pdftex.def 2019/11/18 v2.7d Definitions specific to pdftex (RS)
LaTeX Info: Redefining \lsstyle on input line 914.
LaTeX Info: Redefining \lslig on input line 914.
\MT@outer@space=\skip88
)
Package microtype Info: Loading configuration file microtype.cfg.
 (d:/ruanjiananzhuang/Textlive/texlive/2020/texmf-dist/tex/latex/microtype/microtype.cfg
File: microtype.cfg 2019/11/18 v2.7d microtype main configuration file (RS)
)) (d:/ruanjiananzhuang/Textlive/texlive/2020/texmf-dist/tex/latex/siunitx/siunitx.sty (d:/ruanjiananzhuang/Textlive/texlive/2020/texmf-dist/tex/latex/l3packages/xparse/xparse.sty
Package: xparse 2020-03-06 L3 Experimental document command parser
\l__xparse_current_arg_int=\count331
\g__xparse_grabber_int=\count332
\l__xparse_m_args_int=\count333
\l__xparse_v_nesting_int=\count334
)
Package: siunitx 2020/02/25 v2.8b A comprehensive (SI) units package
 (d:/ruanjiananzhuang/Textlive/texlive/2020/texmf-dist/tex/latex/l3packages/l3keys2e/l3keys2e.sty
Package: l3keys2e 2020-03-06 LaTeX2e option processing using LaTeX3 keys
)
\l__siunitx_tmp_box=\box71
\l__siunitx_tmp_dim=\dimen311
\l__siunitx_tmp_int=\count335
\l__siunitx_number_mantissa_length_int=\count336
\l__siunitx_number_uncert_length_int=\count337
\l__siunitx_round_int=\count338
\l__siunitx_process_decimal_int=\count339
\l__siunitx_process_uncertainty_int=\count340
\l__siunitx_process_fixed_int=\count341
\l__siunitx_process_integer_min_int=\count342
\l__siunitx_process_precision_int=\count343
\l__siunitx_group_min_int=\count344
\l__siunitx_angle_marker_box=\box72
\l__siunitx_angle_unit_box=\box73
\l__siunitx_angle_marker_dim=\dimen312
\l__siunitx_angle_unit_dim=\dimen313
\l__siunitx_unit_int=\count345
\l__siunitx_unit_denominator_int=\count346
\l__siunitx_unit_numerator_int=\count347
\l__siunitx_unit_prefix_int=\count348
\l__siunitx_unit_prefix_base_int=\count349
\l__siunitx_unit_prefix_gram_int=\count350
\l__siunitx_number_product_int=\count351
\c__siunitx_one_fill_skip=\skip89
\l__siunitx_table_unit_align_skip=\skip90
\l__siunitx_table_exponent_dim=\dimen314
\l__siunitx_table_integer_dim=\dimen315
\l__siunitx_table_mantissa_dim=\dimen316
\l__siunitx_table_marker_dim=\dimen317
\l__siunitx_table_result_dim=\dimen318
\l__siunitx_table_uncert_dim=\dimen319
\l__siunitx_table_fill_pre_dim=\dimen320
\l__siunitx_table_fill_post_dim=\dimen321
\l__siunitx_table_fill_mid_dim=\dimen322
\l__siunitx_table_pre_box=\box74
\l__siunitx_table_post_box=\box75
\l__siunitx_table_mantissa_box=\box76
\l__siunitx_table_result_box=\box77
\l__siunitx_table_number_align_skip=\skip91
\l__siunitx_table_text_align_skip=\skip92
 (d:/ruanjiananzhuang/Textlive/texlive/2020/texmf-dist/tex/latex/translator/translator.sty
Package: translator 2019-05-31 v1.12a Easy translation of strings in LaTeX
)) (d:/ruanjiananzhuang/Textlive/texlive/2020/texmf-dist/tex/latex/units/nicefrac.sty
Package: nicefrac 1998/08/04 v0.9b Nice fractions
\L@UnitsRaiseDisplaystyle=\skip93
\L@UnitsRaiseTextstyle=\skip94
\L@UnitsRaiseScriptstyle=\skip95
) (d:/ruanjiananzhuang/Textlive/texlive/2020/texmf-dist/tex/latex/fontawesome/fontawesome.sty
Package: fontawesome 2016/05/15 v4.6.3.1 font awesome icons
 (d:/ruanjiananzhuang/Textlive/texlive/2020/texmf-dist/tex/generic/iftex/ifxetex.sty
Package: ifxetex 2019/10/25 v0.7 ifxetex legacy package. Use iftex instead.
) (d:/ruanjiananzhuang/Textlive/texlive/2020/texmf-dist/tex/generic/iftex/ifluatex.sty
Package: ifluatex 2019/10/25 v1.5 ifluatex legacy package. Use iftex instead.
) (d:/ruanjiananzhuang/Textlive/texlive/2020/texmf-dist/tex/latex/fontawesome/fontawesomesymbols-generic.tex) (d:/ruanjiananzhuang/Textlive/texlive/2020/texmf-dist/tex/latex/fontawesome/fontawesomesymbols-pdftex.tex)) (d:/ruanjiananzhuang/Textlive/texlive/2020/texmf-dist/tex/latex/tools/multicol.sty
Package: multicol 2019/12/09 v1.8y multicolumn formatting (FMi)
\c@tracingmulticols=\count352
\mult@box=\box78
\multicol@leftmargin=\dimen323
\c@unbalance=\count353
\c@collectmore=\count354
\doublecol@number=\count355
\multicoltolerance=\count356
\multicolpretolerance=\count357
\full@width=\dimen324
\page@free=\dimen325
\premulticols=\dimen326
\postmulticols=\dimen327
\multicolsep=\skip96
\multicolbaselineskip=\skip97
\partial@page=\box79
\last@line=\box80
\maxbalancingoverflow=\dimen328
\mult@rightbox=\box81
\mult@grightbox=\box82
\mult@gfirstbox=\box83
\mult@firstbox=\box84
\@tempa=\box85
\@tempa=\box86
\@tempa=\box87
\@tempa=\box88
\@tempa=\box89
\@tempa=\box90
\@tempa=\box91
\@tempa=\box92
\@tempa=\box93
\@tempa=\box94
\@tempa=\box95
\@tempa=\box96
\@tempa=\box97
\@tempa=\box98
\@tempa=\box99
\@tempa=\box100
\@tempa=\box101
\@tempa=\box102
\@tempa=\box103
\@tempa=\box104
\@tempa=\box105
\@tempa=\box106
\@tempa=\box107
\@tempa=\box108
\@tempa=\box109
\@tempa=\box110
\@tempa=\box111
\@tempa=\box112
\@tempa=\box113
\@tempa=\box114
\@tempa=\box115
\@tempa=\box116
\@tempa=\box117
\@tempa=\box118
\@tempa=\box119
\@tempa=\box120
\@tempa=\box121
\c@minrows=\count358
\c@columnbadness=\count359
\c@finalcolumnbadness=\count360
\last@try=\dimen329
\multicolovershoot=\dimen330
\multicolundershoot=\dimen331
\mult@nat@firstbox=\box122
\colbreak@box=\box123
\mc@col@check@num=\count361
) (d:/ruanjiananzhuang/Textlive/texlive/2020/texmf-dist/tex/latex/wrapfig/wrapfig.sty
\wrapoverhang=\dimen332
\WF@size=\dimen333
\c@WF@wrappedlines=\count362
\WF@box=\box124
\WF@everypar=\toks52
Package: wrapfig 2003/01/31  v 3.6
) (d:/ruanjiananzhuang/Textlive/texlive/2020/texmf-dist/tex/latex/tablefootnote/tablefootnote.sty
Package: tablefootnote 2014/01/26 v1.1c Table foot notes (HMM)
 (d:/ruanjiananzhuang/Textlive/texlive/2020/texmf-dist/tex/latex/xifthen/xifthen.sty
Package: xifthen 2015/11/05 v1.4.0 Extended ifthen features
 (d:/ruanjiananzhuang/Textlive/texlive/2020/texmf-dist/tex/latex/ifmtarg/ifmtarg.sty
Package: ifmtarg 2018/04/16 v1.2b check for an empty argument
)) (d:/ruanjiananzhuang/Textlive/texlive/2020/texmf-dist/tex/latex/etoolbox/etoolbox.sty
Package: etoolbox 2019/09/21 v2.5h e-TeX tools for LaTeX (JAW)
\etb@tempcnta=\count363


Package etoolbox Warning: Patching '\end' failed!
(etoolbox)                '\AfterEndEnvironment' will not work.

)) (d:/ruanjiananzhuang/Textlive/texlive/2020/texmf-dist/tex/latex/threeparttable/threeparttable.sty
Package: threeparttable 2003/06/13  v 3.0
\@tempboxb=\box125
) (d:/ruanjiananzhuang/Textlive/texlive/2020/texmf-dist/tex/latex/cite/cite.sty
LaTeX Info: Redefining \cite on input line 302.
LaTeX Info: Redefining \nocite on input line 332.
Package: cite 2015/02/27  v 5.5
) (d:/ruanjiananzhuang/Textlive/texlive/2020/texmf-dist/tex/latex/lipsum/lipsum.sty
Package: lipsum 2019/01/02 v2.2 150 paragraphs of Lorem Ipsum dummy text
 (d:/ruanjiananzhuang/Textlive/texlive/2020/texmf-dist/tex/latex/lipsum/lipsum.ltd.tex
File: lipsum.ltd.tex 2019/01/02 v2.2 The Lorem ipsum dummy text
)) (d:/ruanjiananzhuang/Textlive/texlive/2020/texmf-dist/tex/generic/babel/babel.sty
Package: babel 2020/03/22 3.42 The Babel package
 (d:/ruanjiananzhuang/Textlive/texlive/2020/texmf-dist/tex/generic/babel/switch.def
File: switch.def 2020/03/22 3.42 Babel switching mechanism
) (d:/ruanjiananzhuang/Textlive/texlive/2020/texmf-dist/tex/generic/babel-english/english.ldf
Language: english 2017/06/06 v3.3r English support from the babel system
 (d:/ruanjiananzhuang/Textlive/texlive/2020/texmf-dist/tex/generic/babel/babel.def
File: babel.def 2020/03/22 3.42 Babel common definitions
\babel@savecnt=\count364
\U@D=\dimen334
 (d:/ruanjiananzhuang/Textlive/texlive/2020/texmf-dist/tex/generic/babel/txtbabel.def)
\bbl@readstream=\read3
\bbl@dirlevel=\count365
)
Package babel Info: \l@canadian = using hyphenrules for english
(babel)             (\language0) on input line 102.
Package babel Info: \l@australian = using hyphenrules for ukenglish
(babel)             (\language21) on input line 105.
Package babel Info: \l@newzealand = using hyphenrules for ukenglish
(babel)             (\language21) on input line 108.
)) (d:/ruanjiananzhuang/Textlive/texlive/2020/texmf-dist/tex/latex/blindtext/blindtext.sty
Package: blindtext 2012/01/06 V2.0 blindtext-Package
 (d:/ruanjiananzhuang/Textlive/texlive/2020/texmf-dist/tex/latex/tools/xspace.sty
Package: xspace 2014/10/28 v1.13 Space after command names (DPC,MH)
)
\c@blindtext=\count366
\c@Blindtext=\count367
\c@blind@countparstart=\count368
\blind@countxx=\count369
\blindtext@numBlindtext=\count370
\blind@countyy=\count371
\c@blindlist=\count372
\c@blindlistlevel=\count373
\c@blindlist@level=\count374
\blind@listitem=\count375
\c@blind@listcount=\count376
\c@blind@levelcount=\count377
\blind@mathformula=\count378
\blind@Mathformula=\count379
\c@blind@randomcount=\count380
\c@blind@randommax=\count381
\c@blind@pangramcount=\count382
\c@blind@pangrammax=\count383
) (d:/ruanjiananzhuang/Textlive/texlive/2020/texmf-dist/tex/generic/pgf/frontendlayer/tikz/libraries/tikzlibraryfit.code.tex
File: tikzlibraryfit.code.tex 2020/01/08 v3.1.5b (3.1.5b)
) (d:/ruanjiananzhuang/Textlive/texlive/2020/texmf-dist/tex/generic/pgf/libraries/pgflibraryarrows.meta.code.tex
File: pgflibraryarrows.meta.code.tex 2020/01/08 v3.1.5b (3.1.5b)
\pgfarrowinset=\dimen335
\pgfarrowlength=\dimen336
\pgfarrowwidth=\dimen337
\pgfarrowlinewidth=\dimen338
) (d:/ruanjiananzhuang/Textlive/texlive/2020/texmf-dist/tex/generic/pgf/frontendlayer/tikz/libraries/tikzlibraryshapes.code.tex
File: tikzlibraryshapes.code.tex 2020/01/08 v3.1.5b (3.1.5b)
 (d:/ruanjiananzhuang/Textlive/texlive/2020/texmf-dist/tex/generic/pgf/frontendlayer/tikz/libraries/tikzlibraryshapes.geometric.code.tex
File: tikzlibraryshapes.geometric.code.tex 2020/01/08 v3.1.5b (3.1.5b)
 (d:/ruanjiananzhuang/Textlive/texlive/2020/texmf-dist/tex/generic/pgf/libraries/shapes/pgflibraryshapes.geometric.code.tex
File: pgflibraryshapes.geometric.code.tex 2020/01/08 v3.1.5b (3.1.5b)
)) (d:/ruanjiananzhuang/Textlive/texlive/2020/texmf-dist/tex/generic/pgf/frontendlayer/tikz/libraries/tikzlibraryshapes.misc.code.tex
File: tikzlibraryshapes.misc.code.tex 2020/01/08 v3.1.5b (3.1.5b)
 (d:/ruanjiananzhuang/Textlive/texlive/2020/texmf-dist/tex/generic/pgf/libraries/shapes/pgflibraryshapes.misc.code.tex
File: pgflibraryshapes.misc.code.tex 2020/01/08 v3.1.5b (3.1.5b)
)) (d:/ruanjiananzhuang/Textlive/texlive/2020/texmf-dist/tex/generic/pgf/frontendlayer/tikz/libraries/tikzlibraryshapes.symbols.code.tex
File: tikzlibraryshapes.symbols.code.tex 2020/01/08 v3.1.5b (3.1.5b)
 (d:/ruanjiananzhuang/Textlive/texlive/2020/texmf-dist/tex/generic/pgf/libraries/shapes/pgflibraryshapes.symbols.code.tex
File: pgflibraryshapes.symbols.code.tex 2020/01/08 v3.1.5b (3.1.5b)
)) (d:/ruanjiananzhuang/Textlive/texlive/2020/texmf-dist/tex/generic/pgf/frontendlayer/tikz/libraries/tikzlibraryshapes.arrows.code.tex
File: tikzlibraryshapes.arrows.code.tex 2020/01/08 v3.1.5b (3.1.5b)
 (d:/ruanjiananzhuang/Textlive/texlive/2020/texmf-dist/tex/generic/pgf/libraries/shapes/pgflibraryshapes.arrows.code.tex
File: pgflibraryshapes.arrows.code.tex 2020/01/08 v3.1.5b (3.1.5b)
)) (d:/ruanjiananzhuang/Textlive/texlive/2020/texmf-dist/tex/generic/pgf/frontendlayer/tikz/libraries/tikzlibraryshapes.callouts.code.tex (d:/ruanjiananzhuang/Textlive/texlive/2020/texmf-dist/tex/generic/pgf/libraries/shapes/pgflibraryshapes.callouts.code.tex)) (d:/ruanjiananzhuang/Textlive/texlive/2020/texmf-dist/tex/generic/pgf/frontendlayer/tikz/libraries/tikzlibraryshapes.multipart.code.tex
File: tikzlibraryshapes.multipart.code.tex 2020/01/08 v3.1.5b (3.1.5b)
 (d:/ruanjiananzhuang/Textlive/texlive/2020/texmf-dist/tex/generic/pgf/libraries/shapes/pgflibraryshapes.multipart.code.tex
File: pgflibraryshapes.multipart.code.tex 2020/01/08 v3.1.5b (3.1.5b)
\pgfnodepartlowerbox=\box126
\pgfnodeparttwobox=\box127
\pgfnodepartthreebox=\box128
\pgfnodepartfourbox=\box129
\pgfnodeparttwentybox=\box130
\pgfnodepartnineteenbox=\box131
\pgfnodeparteighteenbox=\box132
\pgfnodepartseventeenbox=\box133
\pgfnodepartsixteenbox=\box134
\pgfnodepartfifteenbox=\box135
\pgfnodepartfourteenbox=\box136
\pgfnodepartthirteenbox=\box137
\pgfnodeparttwelvebox=\box138
\pgfnodepartelevenbox=\box139
\pgfnodeparttenbox=\box140
\pgfnodepartninebox=\box141
\pgfnodeparteightbox=\box142
\pgfnodepartsevenbox=\box143
\pgfnodepartsixbox=\box144
\pgfnodepartfivebox=\box145
))) (d:/ruanjiananzhuang/Textlive/texlive/2020/texmf-dist/tex/generic/pgf/frontendlayer/tikz/libraries/tikzlibraryarrows.code.tex
File: tikzlibraryarrows.code.tex 2020/01/08 v3.1.5b (3.1.5b)
 (d:/ruanjiananzhuang/Textlive/texlive/2020/texmf-dist/tex/generic/pgf/libraries/pgflibraryarrows.code.tex
File: pgflibraryarrows.code.tex 2020/01/08 v3.1.5b (3.1.5b)
\arrowsize=\dimen339
)) Including 'TulipStyle' comment.
\openout3 = `comment.cut'.

 Straight input of comment.cut. (./comment.cut (d:/ruanjiananzhuang/Textlive/texlive/2020/texmf-dist/tex/latex/natbib/natbib.sty
Package: natbib 2010/09/13 8.31b (PWD, AO)


Package natbib Warning: The `cite' package should not be used
(natbib)                with natbib. Use option `sort' instead.

\bibhang=\skip98
\bibsep=\skip99
LaTeX Info: Redefining \cite on input line 694.
LaTeX Info: Redefining \citenum on input line 708.
\c@NAT@ctr=\count384
) (d:/ruanjiananzhuang/Textlive/texlive/2020/texmf-dist/tex/latex/gitinfo2/gitinfo2.sty
Package: gitinfo2 2015/11/22 v2.0.7 git revision information
 (d:/ruanjiananzhuang/Textlive/texlive/2020/texmf-dist/tex/generic/xstring/xstring.sty (d:/ruanjiananzhuang/Textlive/texlive/2020/texmf-dist/tex/generic/xstring/xstring.tex
\integerpart=\count385
\decimalpart=\count386
)
Package: xstring 2019/02/06 v1.83 String manipulations (CT)
) (d:/ruanjiananzhuang/Textlive/texlive/2020/texmf-dist/tex/latex/eso-pic/eso-pic.sty
Package: eso-pic 2018/04/12 v2.0h eso-pic (RN)
)
Package gitinfo2 Info: gitinfo2 found : ../../.git/gitHeadInfo.gin
(gitinfo2)              on input line 128.
 (../../.git/gitHeadInfo.gin) (d:/ruanjiananzhuang/Textlive/texlive/2020/texmf-dist/tex/latex/gitinfo2/gitexinfo.sty
Package: gitexinfo 2015/11/22 v2.0.7 Auxiliary package for gitinfo2
)) (d:/ruanjiananzhuang/Textlive/texlive/2020/texmf-dist/tex/latex/fancyhdr/fancyhdr.sty
Package: fancyhdr 2019/01/31 v3.10 Extensive control of page headers and footers
\f@nch@headwidth=\skip100
\f@nch@O@elh=\skip101
\f@nch@O@erh=\skip102
\f@nch@O@olh=\skip103
\f@nch@O@orh=\skip104
\f@nch@O@elf=\skip105
\f@nch@O@erf=\skip106
\f@nch@O@olf=\skip107
\f@nch@O@orf=\skip108
) (d:/ruanjiananzhuang/Textlive/texlive/2020/texmf-dist/tex/latex/mathtools/mathtools.sty
Package: mathtools 2020/03/24 v1.24 mathematical typesetting tools
 (d:/ruanjiananzhuang/Textlive/texlive/2020/texmf-dist/tex/latex/mathtools/mhsetup.sty
Package: mhsetup 2017/03/31 v1.3 programming setup (MH)
)
LaTeX Info: Thecontrolsequence`\('isalreadyrobust on input line 130.
LaTeX Info: Thecontrolsequence`\)'isalreadyrobust on input line 130.
LaTeX Info: Thecontrolsequence`\['isalreadyrobust on input line 130.
LaTeX Info: Thecontrolsequence`\]'isalreadyrobust on input line 130.
\g_MT_multlinerow_int=\count387
\l_MT_multwidth_dim=\dimen340
\origjot=\skip109
\l_MT_shortvdotswithinadjustabove_dim=\dimen341
\l_MT_shortvdotswithinadjustbelow_dim=\dimen342
\l_MT_above_intertext_sep=\dimen343
\l_MT_below_intertext_sep=\dimen344
\l_MT_above_shortintertext_sep=\dimen345
\l_MT_below_shortintertext_sep=\dimen346
\xmathstrut@box=\box146
\xmathstrut@dim=\dimen347
)
\c@thm=\count388
\c@Remark=\count389
\c@proposition=\count390
\c@theorem=\count391
\c@lemma=\count392
\c@corollary=\count393
\c@example=\count394
\c@definition=\count395
\c@Algorithms=\count396
))
No file report.aux.
\openout1 = `report.aux'.

LaTeX Font Info:    Checking defaults for OML/cmm/m/it on input line 27.
LaTeX Font Info:    ... okay on input line 27.
LaTeX Font Info:    Checking defaults for OMS/cmsy/m/n on input line 27.
LaTeX Font Info:    ... okay on input line 27.
LaTeX Font Info:    Checking defaults for OT1/cmr/m/n on input line 27.
LaTeX Font Info:    ... okay on input line 27.
LaTeX Font Info:    Checking defaults for T1/cmr/m/n on input line 27.
LaTeX Font Info:    ... okay on input line 27.
LaTeX Font Info:    Checking defaults for TS1/cmr/m/n on input line 27.
LaTeX Font Info:    ... okay on input line 27.
LaTeX Font Info:    Checking defaults for OMX/cmex/m/n on input line 27.
LaTeX Font Info:    ... okay on input line 27.
LaTeX Font Info:    Checking defaults for U/cmr/m/n on input line 27.
LaTeX Font Info:    ... okay on input line 27.
LaTeX Font Info:    Checking defaults for PD1/pdf/m/n on input line 27.
LaTeX Font Info:    ... okay on input line 27.
LaTeX Font Info:    Trying to load font information for U+msa on input line 27.
(d:/ruanjiananzhuang/Textlive/texlive/2020/texmf-dist/tex/latex/amsfonts/umsa.fd
File: umsa.fd 2013/01/14 v3.01 AMS symbols A
)
LaTeX Font Info:    Trying to load font information for U+msb on input line 27.
 (d:/ruanjiananzhuang/Textlive/texlive/2020/texmf-dist/tex/latex/amsfonts/umsb.fd
File: umsb.fd 2013/01/14 v3.01 AMS symbols B
) (d:/ruanjiananzhuang/Textlive/texlive/2020/texmf-dist/tex/context/base/mkii/supp-pdf.mkii
[Loading MPS to PDF converter (version 2006.09.02).]
\scratchcounter=\count397
\scratchdimen=\dimen348
\scratchbox=\box147
\nofMPsegments=\count398
\nofMParguments=\count399
\everyMPshowfont=\toks53
\MPscratchCnt=\count400
\MPscratchDim=\dimen349
\MPnumerator=\count401
\makeMPintoPDFobject=\count402
\everyMPtoPDFconversion=\toks54
) ABD: EveryShipout initializing macros
Package caption Info: Begin \AtBeginDocument code.
Package caption Info: hyperref package is loaded.
Package caption Info: rotating package is loaded.
Package caption Info: threeparttable package is loaded.
Package caption Info: wrapfig package is loaded.
Package caption Info: End \AtBeginDocument code.
\AtBeginShipoutBox=\box148
Package hyperref Info: Link coloring ON on input line 27.
 (d:/ruanjiananzhuang/Textlive/texlive/2020/texmf-dist/tex/latex/hyperref/nameref.sty
Package: nameref 2019/09/16 v2.46 Cross-referencing by name of section
 (d:/ruanjiananzhuang/Textlive/texlive/2020/texmf-dist/tex/latex/refcount/refcount.sty
Package: refcount 2019/12/15 v3.6 Data extraction from label references (HO)
) (d:/ruanjiananzhuang/Textlive/texlive/2020/texmf-dist/tex/generic/gettitlestring/gettitlestring.sty
Package: gettitlestring 2019/12/15 v1.6 Cleanup title references (HO)
)
\c@section@level=\count403
)
LaTeX Info: Redefining \ref on input line 27.
LaTeX Info: Redefining \pageref on input line 27.
LaTeX Info: Redefining \nameref on input line 27.
\@outlinefile=\write6
\openout6 = `report.out'.

LaTeX Info: Redefining \microtypecontext on input line 27.
Package microtype Info: Generating PDF output.
Package microtype Info: Character protrusion enabled (level 2).
Package microtype Info: Using default protrusion set `alltext'.
Package microtype Info: Automatic font expansion enabled (level 2),
(microtype)             stretch: 20, shrink: 20, step: 1, non-selected.
Package microtype Info: Using default expansion set `basictext'.
LaTeX Info: Redefining \showhyphens on input line 27.
Package microtype Info: No adjustment of tracking.
Package microtype Info: No adjustment of interword spacing.
Package microtype Info: No adjustment of character kerning.
 (d:/ruanjiananzhuang/Textlive/texlive/2020/texmf-dist/tex/latex/microtype/mt-cmr.cfg
File: mt-cmr.cfg 2013/05/19 v2.2 microtype config. file: Computer Modern Roman (RS)
) (d:/ruanjiananzhuang/Textlive/texlive/2020/texmf-dist/tex/latex/translator/translator-basic-dictionary-English.dict
Dictionary: translator-basic-dictionary, Language: English 
) (d:/ruanjiananzhuang/Textlive/texlive/2020/texmf-dist/tex/latex/siunitx/siunitx-abbreviations.cfg
File: siunitx-abbreviations.cfg 2017/11/26 v2.7k siunitx: Abbreviated units
) (d:/ruanjiananzhuang/Textlive/texlive/2020/texmf-dist/tex/latex/microtype/mt-msa.cfg
File: mt-msa.cfg 2006/02/04 v1.1 microtype config. file: AMS symbols (a) (RS)
) (d:/ruanjiananzhuang/Textlive/texlive/2020/texmf-dist/tex/latex/microtype/mt-msb.cfg
File: mt-msb.cfg 2005/06/01 v1.0 microtype config. file: AMS symbols (b) (RS)
)
Package microtype Info: Loading generic protrusion settings for font family
(microtype)             `cmss' (encoding: OT1).
(microtype)             For optimal results, create family-specific settings.
(microtype)             See the microtype manual for details.
Package microtype Info: Loading generic protrusion settings for font family
(microtype)             `cmtt' (encoding: OT1).
(microtype)             For optimal results, create family-specific settings.
(microtype)             See the microtype manual for details.
 (./tex/abstract.tex)
\tf@toc=\write7
\openout7 = `report.toc'.

 [1
Non-PDF special ignored!
<special> header=psfrag.pro
{d:/ruanjiananzhuang/Textlive/texlive/2020/texmf-var/fonts/map/pdftex/updmap/pdftex.map}] (./tex/mainbody.tex
Overfull \hbox (50.28236pt too wide) in paragraph at lines 36--37
[]\OT1/cmr/m/n/10 (-20) The com-pe-ti-tion gives three doc-u-ments "train.csv", "test.csv", "sam-ple_submission.csv".There
 []

Package epstopdf Info: Source file: <01.eps>
(epstopdf)                    date: 2022-11-12 16:38:40
(epstopdf)                    size: 80617 bytes
(epstopdf)             Output file: <01-eps-converted-to.pdf>
(epstopdf)                    date: 2022-11-12 17:04:05
(epstopdf)                    size: 28483 bytes
(epstopdf)             Command: <repstopdf --outfile=01-eps-converted-to.pdf 01.eps>
(epstopdf)             \includegraphics on input line 136.
Package epstopdf Info: Output file is already uptodate.
<01-eps-converted-to.pdf, id=42, 935.495pt x 544.0325pt>
File: 01-eps-converted-to.pdf Graphic file (type pdf)
<use 01-eps-converted-to.pdf>
Package pdftex.def Info: 01-eps-converted-to.pdf  used on input line 136.
(pdftex.def)             Requested size: 85.34714pt x 42.67676pt.
Package epstopdf Info: Source file: <2.eps>
(epstopdf)                    date: 2022-11-12 16:19:36
(epstopdf)                    size: 313441 bytes
(epstopdf)             Output file: <2-eps-converted-to.pdf>
(epstopdf)                    date: 2022-11-12 17:04:07
(epstopdf)                    size: 64995 bytes
(epstopdf)             Command: <repstopdf --outfile=2-eps-converted-to.pdf 2.eps>
(epstopdf)             \includegraphics on input line 143.
Package epstopdf Info: Output file is already uptodate.
<2-eps-converted-to.pdf, id=43, 1107.13625pt x 549.05125pt>
File: 2-eps-converted-to.pdf Graphic file (type pdf)
<use 2-eps-converted-to.pdf>
Package pdftex.def Info: 2-eps-converted-to.pdf  used on input line 143.
(pdftex.def)             Requested size: 85.34604pt x 42.6767pt.
Package epstopdf Info: Source file: <3.eps>
(epstopdf)                    date: 2022-11-12 16:21:44
(epstopdf)                    size: 232792 bytes
(epstopdf)             Output file: <3-eps-converted-to.pdf>
(epstopdf)                    date: 2022-11-12 17:04:09
(epstopdf)                    size: 51266 bytes
(epstopdf)             Command: <repstopdf --outfile=3-eps-converted-to.pdf 3.eps>
(epstopdf)             \includegraphics on input line 150.
Package epstopdf Info: Output file is already uptodate.
<3-eps-converted-to.pdf, id=44, 1076.02pt x 552.0625pt>
File: 3-eps-converted-to.pdf Graphic file (type pdf)
<use 3-eps-converted-to.pdf>
Package pdftex.def Info: 3-eps-converted-to.pdf  used on input line 150.
(pdftex.def)             Requested size: 85.34451pt x 42.67488pt.

./tex/mainbody.tex:172: LaTeX Error: There's no line here to end.

See the LaTeX manual or LaTeX Companion for explanation.
Type  H <return>  for immediate help.
 ...                                              
                                                  
l.172 \\
        
Your command was ignored.
Type  I <command> <return>  to replace it with another command,
or  <return>  to continue without it.


./tex/mainbody.tex:173: LaTeX Error: There's no line here to end.

See the LaTeX manual or LaTeX Companion for explanation.
Type  H <return>  for immediate help.
 ...                                              
                                                  
l.173 \\
        
Your command was ignored.
Type  I <command> <return>  to replace it with another command,
or  <return>  to continue without it.


./tex/mainbody.tex:174: LaTeX Error: There's no line here to end.

See the LaTeX manual or LaTeX Companion for explanation.
Type  H <return>  for immediate help.
 ...                                              
                                                  
l.174 \\
        
Your command was ignored.
Type  I <command> <return>  to replace it with another command,
or  <return>  to continue without it.


./tex/mainbody.tex:175: LaTeX Error: There's no line here to end.

See the LaTeX manual or LaTeX Companion for explanation.
Type  H <return>  for immediate help.
 ...                                              
                                                  
l.175 \\
        
Your command was ignored.
Type  I <command> <return>  to replace it with another command,
or  <return>  to continue without it.


./tex/mainbody.tex:176: LaTeX Error: There's no line here to end.

See the LaTeX manual or LaTeX Companion for explanation.
Type  H <return>  for immediate help.
 ...                                              
                                                  
l.176 \newpage
              
Your command was ignored.
Type  I <command> <return>  to replace it with another command,
or  <return>  to continue without it.

Package epstopdf Info: Source file: <./graphics/logos/tulip-logo.eps>
(epstopdf)                    date: 2022-10-16 16:01:20
(epstopdf)                    size: 1059122 bytes
(epstopdf)             Output file: <./graphics/logos/tulip-logo-eps-converted-to.pdf>
(epstopdf)                    date: 2022-10-16 16:46:24
(epstopdf)                    size: 21813 bytes
(epstopdf)             Command: <repstopdf --outfile=./graphics/logos/tulip-logo-eps-converted-to.pdf ./graphics/logos/tulip-logo.eps>
(epstopdf)             \includegraphics on input line 176.
Package epstopdf Info: Output file is already uptodate.
<./graphics/logos/tulip-logo-eps-converted-to.pdf, id=45, 456.70625pt x 622.325pt>
File: ./graphics/logos/tulip-logo-eps-converted-to.pdf Graphic file (type pdf)
<use ./graphics/logos/tulip-logo-eps-converted-to.pdf>
Package pdftex.def Info: ./graphics/logos/tulip-logo-eps-converted-to.pdf  used on input line 176.
(pdftex.def)             Requested size: 7.92348pt x 10.79993pt.

Package Fancyhdr Warning: \footskip is too small (12.0pt): 
Make it at least 14.79996pt.
We now make it that large for the rest of the document.
This may cause the page layout to be inconsistent, however.

[2 <./graphics/logos/tulip-logo-eps-converted-to.pdf>]
Package epstopdf Info: Source file: <./graphics/logos/tulip-logo.eps>
(epstopdf)                    date: 2022-10-16 16:01:20
(epstopdf)                    size: 1059122 bytes
(epstopdf)             Output file: <./graphics/logos/tulip-logo-eps-converted-to.pdf>
(epstopdf)                    date: 2022-10-16 16:46:24
(epstopdf)                    size: 21813 bytes
(epstopdf)             Command: <repstopdf --outfile=./graphics/logos/tulip-logo-eps-converted-to.pdf ./graphics/logos/tulip-logo.eps>
(epstopdf)             \includegraphics on input line 289.
Package epstopdf Info: Output file is already uptodate.
File: ./graphics/logos/tulip-logo-eps-converted-to.pdf Graphic file (type pdf)
<use ./graphics/logos/tulip-logo-eps-converted-to.pdf>
Package pdftex.def Info: ./graphics/logos/tulip-logo-eps-converted-to.pdf  used on input line 289.
(pdftex.def)             Requested size: 7.92348pt x 10.79993pt.
 [3 <./01-eps-converted-to.pdf> <./2-eps-converted-to.pdf> <./3-eps-converted-to.pdf>])
Package epstopdf Info: Source file: <./graphics/logos/tulip-logo.eps>
(epstopdf)                    date: 2022-10-16 16:01:20
(epstopdf)                    size: 1059122 bytes
(epstopdf)             Output file: <./graphics/logos/tulip-logo-eps-converted-to.pdf>
(epstopdf)                    date: 2022-10-16 16:46:24
(epstopdf)                    size: 21813 bytes
(epstopdf)             Command: <repstopdf --outfile=./graphics/logos/tulip-logo-eps-converted-to.pdf ./graphics/logos/tulip-logo.eps>
(epstopdf)             \includegraphics on input line 59.
Package epstopdf Info: Output file is already uptodate.
File: ./graphics/logos/tulip-logo-eps-converted-to.pdf Graphic file (type pdf)
<use ./graphics/logos/tulip-logo-eps-converted-to.pdf>
Package pdftex.def Info: ./graphics/logos/tulip-logo-eps-converted-to.pdf  used on input line 59.
(pdftex.def)             Requested size: 7.92348pt x 10.79993pt.
 [4]
No file report.bbl.

Package hyperref Warning: old tdo file detected, not used; run LaTeX again.

\tf@tdo=\write8
\openout8 = `report.tdo'.

Package epstopdf Info: Source file: <./graphics/logos/tulip-logo.eps>
(epstopdf)                    date: 2022-10-16 16:01:20
(epstopdf)                    size: 1059122 bytes
(epstopdf)             Output file: <./graphics/logos/tulip-logo-eps-converted-to.pdf>
(epstopdf)                    date: 2022-10-16 16:46:24
(epstopdf)                    size: 21813 bytes
(epstopdf)             Command: <repstopdf --outfile=./graphics/logos/tulip-logo-eps-converted-to.pdf ./graphics/logos/tulip-logo.eps>
(epstopdf)             \includegraphics on input line 67.
Package epstopdf Info: Output file is already uptodate.
File: ./graphics/logos/tulip-logo-eps-converted-to.pdf Graphic file (type pdf)
<use ./graphics/logos/tulip-logo-eps-converted-to.pdf>
Package pdftex.def Info: ./graphics/logos/tulip-logo-eps-converted-to.pdf  used on input line 67.
(pdftex.def)             Requested size: 7.92348pt x 10.79993pt.
[5]
No complaints by nag.
Package atveryend Info: Empty hook `BeforeClearDocument' on input line 67.
Package atveryend Info: Empty hook `AfterLastShipout' on input line 67.
(./report.aux)
Package atveryend Info: Executing hook `AtVeryEndDocument' on input line 67.
Package atveryend Info: Executing hook `AtEndAfterFileList' on input line 67.


Package rerunfilecheck Warning: File `report.out' has changed.
(rerunfilecheck)                Rerun to get outlines right
(rerunfilecheck)                or use package `bookmark'.

Package rerunfilecheck Info: Checksums for `report.out':
(rerunfilecheck)             Before: <no file>
(rerunfilecheck)             After:  E3AB2F839C93A67CD3DA2EB2D60E9ABA;271.

LaTeX Warning: Label(s) may have changed. Rerun to get cross-references right.

Package atveryend Info: Empty hook `AtVeryVeryEnd' on input line 67.
 ) 
Here is how much of TeX's memory you used:
 33411 strings out of 480608
 673422 string characters out of 5894771
 1084010 words of memory out of 5000000
 48401 multiletter control sequences out of 15000+600000
 542124 words of font info for 85 fonts, out of 8000000 for 9000
 1302 hyphenation exceptions out of 8191
 71i,14n,102p,983b,762s stack positions out of 5000i,500n,10000p,200000b,80000s
<d:/ruanjiananzhuang/Textlive/texlive/2020/texmf-dist/fonts/type1/public/amsfonts/cm/cmbx10.pfb><d:/ruanjiananzhuang/Textlive/texlive/2020/texmf-dist/fonts/type1/public/amsfonts/cm/cmcsc10.pfb><d:/ruanjiananzhuang/Textlive/texlive/2020/texmf-dist/fonts/type1/public/amsfonts/cm/cmex10.pfb><d:/ruanjiananzhuang/Textlive/texlive/2020/texmf-dist/fonts/type1/public/amsfonts/cm/cmmi10.pfb><d:/ruanjiananzhuang/Textlive/texlive/2020/texmf-dist/fonts/type1/public/amsfonts/cm/cmmi5.pfb><d:/ruanjiananzhuang/Textlive/texlive/2020/texmf-dist/fonts/type1/public/amsfonts/cm/cmmi7.pfb><d:/ruanjiananzhuang/Textlive/texlive/2020/texmf-dist/fonts/type1/public/amsfonts/cm/cmr10.pfb><d:/ruanjiananzhuang/Textlive/texlive/2020/texmf-dist/fonts/type1/public/amsfonts/cm/cmr7.pfb><d:/ruanjiananzhuang/Textlive/texlive/2020/texmf-dist/fonts/type1/public/amsfonts/cm/cmr8.pfb><d:/ruanjiananzhuang/Textlive/texlive/2020/texmf-dist/fonts/type1/public/amsfonts/cm/cmsl10.pfb><d:/ruanjiananzhuang/Textlive/texlive/2020/texmf-dist/fonts/type1/public/amsfonts/cm/cmsy10.pfb><d:/ruanjiananzhuang/Textlive/texlive/2020/texmf-dist/fonts/type1/public/amsfonts/cm/cmsy7.pfb><d:/ruanjiananzhuang/Textlive/texlive/2020/texmf-dist/fonts/type1/public/amsfonts/cm/cmti8.pfb><d:/ruanjiananzhuang/Textlive/texlive/2020/texmf-dist/fonts/type1/public/amsfonts/cm/cmtt8.pfb>
Output written on report.pdf (5 pages, 322038 bytes).
PDF statistics:
 142 PDF objects out of 1000 (max. 8388607)
 96 compressed objects within 1 object stream
 16 named destinations out of 1000 (max. 500000)
 19073 words of extra memory for PDF output out of 20736 (max. 10000000)

